0 info it worked if it ends with ok
1 verbose cli [ '/home/lw/.nvm/versions/node/v7.2.0/bin/node',
1 verbose cli   '/home/lw/.nvm/versions/node/v7.2.0/bin/npm',
1 verbose cli   'owner',
1 verbose cli   'ls',
1 verbose cli   'melbit' ]
2 info using npm@4.0.3
3 info using node@v7.2.0
4 silly mapToRegistry name melbit
5 silly mapToRegistry using default registry
6 silly mapToRegistry registry https://registry.npmjs.org/
7 silly mapToRegistry data Result {
7 silly mapToRegistry   raw: 'melbit',
7 silly mapToRegistry   scope: null,
7 silly mapToRegistry   escapedName: 'melbit',
7 silly mapToRegistry   name: 'melbit',
7 silly mapToRegistry   rawSpec: '',
7 silly mapToRegistry   spec: 'latest',
7 silly mapToRegistry   type: 'tag' }
8 silly mapToRegistry uri https://registry.npmjs.org/melbit
9 verbose request uri https://registry.npmjs.org/melbit
10 verbose request no auth needed
11 info attempt registry request try #1 at 5:28:32 PM
12 verbose request id 3d5154a5bc35cb16
13 http request GET https://registry.npmjs.org/melbit
14 http 404 https://registry.npmjs.org/melbit
15 verbose headers { 'content-type': 'application/json',
15 verbose headers   'cache-control': 'max-age=0',
15 verbose headers   'content-length': '2',
15 verbose headers   'accept-ranges': 'bytes',
15 verbose headers   date: 'Sat, 17 Dec 2016 06:28:33 GMT',
15 verbose headers   via: '1.1 varnish',
15 verbose headers   age: '0',
15 verbose headers   connection: 'keep-alive',
15 verbose headers   'x-served-by': 'cache-mel6523-MEL',
15 verbose headers   'x-cache': 'MISS',
15 verbose headers   'x-cache-hits': '0',
15 verbose headers   'x-timer': 'S1481956112.610967,VS0,VE870',
15 verbose headers   vary: 'Accept-Encoding' }
16 silly get cb [ 404,
16 silly get   { 'content-type': 'application/json',
16 silly get     'cache-control': 'max-age=0',
16 silly get     'content-length': '2',
16 silly get     'accept-ranges': 'bytes',
16 silly get     date: 'Sat, 17 Dec 2016 06:28:33 GMT',
16 silly get     via: '1.1 varnish',
16 silly get     age: '0',
16 silly get     connection: 'keep-alive',
16 silly get     'x-served-by': 'cache-mel6523-MEL',
16 silly get     'x-cache': 'MISS',
16 silly get     'x-cache-hits': '0',
16 silly get     'x-timer': 'S1481956112.610967,VS0,VE870',
16 silly get     vary: 'Accept-Encoding' } ]
17 error owner ls Couldn't get owner data melbit
18 verbose stack Error: Registry returned 404 for GET on https://registry.npmjs.org/melbit
18 verbose stack     at makeError (/home/lw/.nvm/versions/node/v7.2.0/lib/node_modules/npm/node_modules/npm-registry-client/lib/request.js:302:12)
18 verbose stack     at CachingRegistryClient.<anonymous> (/home/lw/.nvm/versions/node/v7.2.0/lib/node_modules/npm/node_modules/npm-registry-client/lib/request.js:280:14)
18 verbose stack     at Request._callback (/home/lw/.nvm/versions/node/v7.2.0/lib/node_modules/npm/node_modules/npm-registry-client/lib/request.js:210:14)
18 verbose stack     at Request.self.callback (/home/lw/.nvm/versions/node/v7.2.0/lib/node_modules/npm/node_modules/request/request.js:186:22)
18 verbose stack     at emitTwo (events.js:106:13)
18 verbose stack     at Request.emit (events.js:191:7)
18 verbose stack     at Request.<anonymous> (/home/lw/.nvm/versions/node/v7.2.0/lib/node_modules/npm/node_modules/request/request.js:1081:10)
18 verbose stack     at emitOne (events.js:96:13)
18 verbose stack     at Request.emit (events.js:188:7)
18 verbose stack     at IncomingMessage.<anonymous> (/home/lw/.nvm/versions/node/v7.2.0/lib/node_modules/npm/node_modules/request/request.js:1001:12)
19 verbose statusCode 404
20 verbose pkgid melbit
21 verbose cwd /home/lw/code/projects/melbit
22 error Linux 4.4.0-51-generic
23 error argv "/home/lw/.nvm/versions/node/v7.2.0/bin/node" "/home/lw/.nvm/versions/node/v7.2.0/bin/npm" "owner" "ls" "melbit"
24 error node v7.2.0
25 error npm  v4.0.3
26 error code E404
27 error 404 Registry returned 404 for GET on https://registry.npmjs.org/melbit
28 error 404
29 error 404 'melbit' is not in the npm registry.
30 error 404 You should bug the author to publish it (or use the name yourself!)
31 error 404 Note that you can also install from a
32 error 404 tarball, folder, http url, or git url.
33 verbose exit [ 1, true ]
